<?xml version="1.0" encoding="UTF-8"?>
<testng-results ignored="0" total="1" passed="1" failed="0" skipped="0">
  <reporter-output>
  </reporter-output>
  <suite started-at="2024-11-13T12:39:33 IST" name="Default suite" finished-at="2024-11-13T12:40:16 IST" duration-ms="42765">
    <groups>
      <group name="cucumber">
        <method signature="AbstractTestNGCucumberTests.runScenario(io.cucumber.testng.PickleWrapper,io.cucumber.testng.FeatureWrapper)[pri:0, instance:runner.CucumberRunnerCreateAccountAndSignIn@5f049ea1]" name="runScenario" class="io.cucumber.testng.AbstractTestNGCucumberTests"/>
      </group> <!-- cucumber -->
    </groups>
    <test started-at="2024-11-13T12:39:33 IST" name="Default test" finished-at="2024-11-13T12:40:16 IST" duration-ms="42765">
      <class name="runner.CucumberRunnerCreateAccountAndSignIn">
        <test-method is-config="true" signature="StartReport()[pri:0, instance:runner.CucumberRunnerCreateAccountAndSignIn@5f049ea1]" started-at="2024-11-13T12:39:32 IST" name="StartReport" finished-at="2024-11-13T12:39:33 IST" duration-ms="902" status="PASS">
          <reporter-output>
          </reporter-output>
        </test-method> <!-- StartReport -->
        <test-method is-config="true" signature="CucumberRunnerTS001()[pri:0, instance:runner.CucumberRunnerCreateAccountAndSignIn@5f049ea1]" started-at="2024-11-13T12:39:33 IST" name="CucumberRunnerTS001" finished-at="2024-11-13T12:39:33 IST" duration-ms="0" status="PASS">
          <reporter-output>
          </reporter-output>
        </test-method> <!-- CucumberRunnerTS001 -->
        <test-method is-config="true" signature="setUpClass(org.testng.ITestContext)[pri:0, instance:runner.CucumberRunnerCreateAccountAndSignIn@5f049ea1]" started-at="2024-11-13T12:39:33 IST" name="setUpClass" finished-at="2024-11-13T12:39:34 IST" duration-ms="995" status="PASS">
          <params>
            <param index="0">
              <value>
                <![CDATA[org.testng.TestRunner@58324c9f]]>
              </value>
            </param>
          </params>
          <reporter-output>
          </reporter-output>
        </test-method> <!-- setUpClass -->
        <test-method is-config="true" signature="TestCaseDetails()[pri:0, instance:runner.CucumberRunnerCreateAccountAndSignIn@5f049ea1]" started-at="2024-11-13T12:39:34 IST" name="TestCaseDetails" finished-at="2024-11-13T12:39:34 IST" duration-ms="7" status="PASS">
          <reporter-output>
          </reporter-output>
        </test-method> <!-- TestCaseDetails -->
        <test-method is-config="true" signature="preCondition()[pri:0, instance:runner.CucumberRunnerCreateAccountAndSignIn@5f049ea1]" started-at="2024-11-13T12:39:34 IST" name="preCondition" finished-at="2024-11-13T12:39:43 IST" duration-ms="8782" status="PASS">
          <reporter-output>
          </reporter-output>
        </test-method> <!-- preCondition -->
        <test-method signature="runScenario(io.cucumber.testng.PickleWrapper,io.cucumber.testng.FeatureWrapper)[pri:0, instance:runner.CucumberRunnerCreateAccountAndSignIn@5f049ea1]" started-at="2024-11-13T12:39:43 IST" name="runScenario" description="Runs Cucumber Scenarios" data-provider="scenarios" finished-at="2024-11-13T12:40:14 IST" duration-ms="30461" status="PASS">
          <params>
            <param index="0">
              <value>
                <![CDATA["Create Account with positive credientials"]]>
              </value>
            </param>
            <param index="1">
              <value>
                <![CDATA["Create Account functionality of luma"]]>
              </value>
            </param>
          </params>
          <reporter-output>
          </reporter-output>
        </test-method> <!-- runScenario -->
        <test-method is-config="true" signature="postCondition()[pri:0, instance:runner.CucumberRunnerCreateAccountAndSignIn@5f049ea1]" started-at="2024-11-13T12:40:14 IST" name="postCondition" finished-at="2024-11-13T12:40:15 IST" duration-ms="943" status="PASS">
          <reporter-output>
          </reporter-output>
        </test-method> <!-- postCondition -->
        <test-method is-config="true" signature="tearDownClass()[pri:0, instance:runner.CucumberRunnerCreateAccountAndSignIn@5f049ea1]" started-at="2024-11-13T12:40:15 IST" name="tearDownClass" finished-at="2024-11-13T12:40:16 IST" duration-ms="1508" status="PASS">
          <reporter-output>
          </reporter-output>
        </test-method> <!-- tearDownClass -->
        <test-method is-config="true" signature="stopReport()[pri:0, instance:runner.CucumberRunnerCreateAccountAndSignIn@5f049ea1]" started-at="2024-11-13T12:40:16 IST" name="stopReport" finished-at="2024-11-13T12:40:17 IST" duration-ms="480" status="PASS">
          <reporter-output>
          </reporter-output>
        </test-method> <!-- stopReport -->
      </class> <!-- runner.CucumberRunnerCreateAccountAndSignIn -->
    </test> <!-- Default test -->
  </suite> <!-- Default suite -->
</testng-results>
